[      10ms] [WARNING] cdn.tailwindcss.com should not be used in production. To use Tailwind CSS in production, install it as a PostCSS plugin or use the Tailwind CLI: https://tailwindcss.com/docs/installation @ https://cdn.tailwindcss.com/:63
[     126ms] [WARNING] cdn.tailwindcss.com should not be used in production. To use Tailwind CSS in production, install it as a PostCSS plugin or use the Tailwind CLI: https://tailwindcss.com/docs/installation @ https://cdn.tailwindcss.com/:63
[     126ms] [WARNING] Scripts "build/three.js" and "build/three.min.js" are deprecated with r150+, and will be removed with r160. Please use ES Modules or alternatives: https://threejs.org/docs/index.html#manual/en/introduction/Installation @ https://unpkg.com/three@0.160.0/build/three.min.js:0
[    4935ms] [WARNING] cdn.tailwindcss.com should not be used in production. To use Tailwind CSS in production, install it as a PostCSS plugin or use the Tailwind CLI: https://tailwindcss.com/docs/installation @ https://cdn.tailwindcss.com/:63
[    4936ms] [WARNING] Scripts "build/three.js" and "build/three.min.js" are deprecated with r150+, and will be removed with r160. Please use ES Modules or alternatives: https://threejs.org/docs/index.html#manual/en/introduction/Installation @ https://cdn.jsdelivr.net/npm/three@0.160.0/build/three.min.js:0
[  297613ms] [WARNING] cdn.tailwindcss.com should not be used in production. To use Tailwind CSS in production, install it as a PostCSS plugin or use the Tailwind CLI: https://tailwindcss.com/docs/installation @ https://cdn.tailwindcss.com/:63
[  297721ms] [WARNING] cdn.tailwindcss.com should not be used in production. To use Tailwind CSS in production, install it as a PostCSS plugin or use the Tailwind CLI: https://tailwindcss.com/docs/installation @ https://cdn.tailwindcss.com/:63
[  297736ms] [WARNING] Scripts "build/three.js" and "build/three.min.js" are deprecated with r150+, and will be removed with r160. Please use ES Modules or alternatives: https://threejs.org/docs/index.html#manual/en/introduction/Installation @ https://unpkg.com/three@0.160.0/build/three.min.js:0
[  302590ms] [WARNING] cdn.tailwindcss.com should not be used in production. To use Tailwind CSS in production, install it as a PostCSS plugin or use the Tailwind CLI: https://tailwindcss.com/docs/installation @ https://cdn.tailwindcss.com/:63
[  302609ms] [WARNING] Scripts "build/three.js" and "build/three.min.js" are deprecated with r150+, and will be removed with r160. Please use ES Modules or alternatives: https://threejs.org/docs/index.html#manual/en/introduction/Installation @ https://cdn.jsdelivr.net/npm/three@0.160.0/build/three.min.js:0
[  393410ms] [WARNING] cdn.tailwindcss.com should not be used in production. To use Tailwind CSS in production, install it as a PostCSS plugin or use the Tailwind CLI: https://tailwindcss.com/docs/installation @ https://cdn.tailwindcss.com/:63
[  393538ms] [WARNING] cdn.tailwindcss.com should not be used in production. To use Tailwind CSS in production, install it as a PostCSS plugin or use the Tailwind CLI: https://tailwindcss.com/docs/installation @ https://cdn.tailwindcss.com/:63
[  393558ms] [WARNING] Scripts "build/three.js" and "build/three.min.js" are deprecated with r150+, and will be removed with r160. Please use ES Modules or alternatives: https://threejs.org/docs/index.html#manual/en/introduction/Installation @ https://unpkg.com/three@0.160.0/build/three.min.js:0
[  403771ms] [WARNING] cdn.tailwindcss.com should not be used in production. To use Tailwind CSS in production, install it as a PostCSS plugin or use the Tailwind CLI: https://tailwindcss.com/docs/installation @ https://cdn.tailwindcss.com/:63
[  403798ms] [WARNING] Scripts "build/three.js" and "build/three.min.js" are deprecated with r150+, and will be removed with r160. Please use ES Modules or alternatives: https://threejs.org/docs/index.html#manual/en/introduction/Installation @ https://cdn.jsdelivr.net/npm/three@0.160.0/build/three.min.js:0
[  488252ms] [WARNING] cdn.tailwindcss.com should not be used in production. To use Tailwind CSS in production, install it as a PostCSS plugin or use the Tailwind CLI: https://tailwindcss.com/docs/installation @ https://cdn.tailwindcss.com/:63
[  488368ms] [WARNING] cdn.tailwindcss.com should not be used in production. To use Tailwind CSS in production, install it as a PostCSS plugin or use the Tailwind CLI: https://tailwindcss.com/docs/installation @ https://cdn.tailwindcss.com/:63
[  488369ms] [WARNING] Scripts "build/three.js" and "build/three.min.js" are deprecated with r150+, and will be removed with r160. Please use ES Modules or alternatives: https://threejs.org/docs/index.html#manual/en/introduction/Installation @ https://unpkg.com/three@0.160.0/build/three.min.js:0
[  493381ms] [WARNING] cdn.tailwindcss.com should not be used in production. To use Tailwind CSS in production, install it as a PostCSS plugin or use the Tailwind CLI: https://tailwindcss.com/docs/installation @ https://cdn.tailwindcss.com/:63
[  493383ms] [WARNING] Scripts "build/three.js" and "build/three.min.js" are deprecated with r150+, and will be removed with r160. Please use ES Modules or alternatives: https://threejs.org/docs/index.html#manual/en/introduction/Installation @ https://cdn.jsdelivr.net/npm/three@0.160.0/build/three.min.js:0
[  627821ms] [WARNING] cdn.tailwindcss.com should not be used in production. To use Tailwind CSS in production, install it as a PostCSS plugin or use the Tailwind CLI: https://tailwindcss.com/docs/installation @ https://cdn.tailwindcss.com/:63
[  627932ms] [WARNING] cdn.tailwindcss.com should not be used in production. To use Tailwind CSS in production, install it as a PostCSS plugin or use the Tailwind CLI: https://tailwindcss.com/docs/installation @ https://cdn.tailwindcss.com/:63
[  627934ms] [WARNING] Scripts "build/three.js" and "build/three.min.js" are deprecated with r150+, and will be removed with r160. Please use ES Modules or alternatives: https://threejs.org/docs/index.html#manual/en/introduction/Installation @ https://unpkg.com/three@0.160.0/build/three.min.js:0
[  634254ms] [WARNING] cdn.tailwindcss.com should not be used in production. To use Tailwind CSS in production, install it as a PostCSS plugin or use the Tailwind CLI: https://tailwindcss.com/docs/installation @ https://cdn.tailwindcss.com/:63
[  634257ms] [WARNING] Scripts "build/three.js" and "build/three.min.js" are deprecated with r150+, and will be removed with r160. Please use ES Modules or alternatives: https://threejs.org/docs/index.html#manual/en/introduction/Installation @ https://cdn.jsdelivr.net/npm/three@0.160.0/build/three.min.js:0
